\BOOKMARK [0][-]{chapter*.4}{\376\377\000L\000i\000s\000t\000\040\000o\000f\000\040\000F\000i\000g\000u\000r\000e\000s}{}% 1
\BOOKMARK [0][-]{chapter*.5}{\376\377\000L\000i\000s\000t\000\040\000o\000f\000\040\000T\000a\000b\000l\000e\000s}{}% 2
\BOOKMARK [0][-]{chapter*.6}{\376\377\000L\000i\000s\000t\000\040\000o\000f\000\040\000A\000b\000b\000r\000e\000v\000i\000a\000t\000i\000o\000n\000s\000\040}{}% 3
\BOOKMARK [0][-]{chapter*.6}{\376\377\000G\000e\000n\000e\000r\000a\000l\000\040\000i\000n\000t\000r\000o\000d\000u\000c\000t\000i\000o\000n}{}% 4
\BOOKMARK [0][-]{chapter.1}{\376\377\000L\000a\000r\000g\000e\000\040\000L\000a\000n\000g\000u\000a\000g\000e\000\040\000M\000o\000d\000e\000l\000s\000\040\000\050\000L\000L\000M\000s\000\051}{}% 5
\BOOKMARK [1][-]{section.1.1}{\376\377\000I\000n\000t\000r\000o\000d\000u\000c\000t\000i\000o\000n}{chapter.1}% 6
\BOOKMARK [1][-]{section.1.2}{\376\377\000N\000a\000t\000u\000r\000a\000l\000\040\000l\000a\000n\000g\000u\000a\000g\000e\000\040\000p\000r\000o\000c\000e\000s\000s\000i\000n\000g\000\040\000\050\000N\000L\000P\000\051}{chapter.1}% 7
\BOOKMARK [2][-]{subsection.1.2.1}{\376\377\000H\000i\000s\000t\000o\000r\000i\000c\000a\000l\000\040\000d\000e\000v\000e\000l\000o\000p\000m\000e\000n\000t\000\040\000o\000f\000\040\000N\000L\000P}{section.1.2}% 8
\BOOKMARK [2][-]{subsection.1.2.2}{\376\377\000I\000m\000p\000o\000r\000t\000a\000n\000c\000e\000\040\000o\000f\000\040\000n\000a\000t\000u\000r\000a\000l\000\040\000l\000a\000n\000g\000u\000a\000g\000e\000\040\000p\000r\000o\000c\000e\000s\000s\000i\000n\000g}{section.1.2}% 9
\BOOKMARK [1][-]{section.1.3}{\376\377\000N\000e\000u\000r\000a\000l\000\040\000N\000e\000t\000w\000o\000r\000k\000s\000\040\000i\000n\000\040\000N\000L\000P}{chapter.1}% 10
\BOOKMARK [2][-]{subsection.1.3.1}{\376\377\000B\000a\000s\000i\000c\000s\000\040\000C\000o\000n\000c\000e\000p\000t\000s\000\040\000i\000n\000\040\000N\000e\000u\000r\000a\000l\000\040\000N\000e\000t\000w\000o\000r\000k\000s}{section.1.3}% 11
\BOOKMARK [2][-]{subsection.1.3.2}{\376\377\000\040\000R\000e\000c\000u\000r\000r\000e\000n\000t\000\040\000N\000e\000u\000r\000a\000l\000\040\000N\000e\000t\000w\000o\000r\000k\000s\000\040\000\050\000R\000N\000N\000s\000\051}{section.1.3}% 12
\BOOKMARK [2][-]{subsection.1.3.3}{\376\377\000\040\000L\000o\000n\000g\000-\000S\000h\000o\000r\000t\000\040\000T\000e\000r\000m\000\040\000M\000e\000m\000o\000r\000y\000\040\000\050\000L\000S\000T\000M\000\051}{section.1.3}% 13
\BOOKMARK [1][-]{section.1.4}{\376\377\000\040\000T\000r\000a\000n\000s\000f\000o\000r\000m\000e\000r\000\040\000A\000r\000c\000h\000i\000t\000e\000c\000t\000u\000r\000e}{chapter.1}% 14
\BOOKMARK [2][-]{subsection.1.4.1}{\376\377\000E\000n\000c\000o\000d\000e\000r\000\040\000a\000n\000d\000\040\000D\000e\000c\000o\000d\000e\000r\000\040\000S\000t\000a\000c\000k\000s}{section.1.4}% 15
\BOOKMARK [2][-]{subsection.1.4.2}{\376\377\000S\000e\000l\000f\000-\000A\000t\000t\000e\000n\000t\000i\000o\000n\000\040\000M\000e\000c\000h\000a\000n\000i\000s\000m}{section.1.4}% 16
\BOOKMARK [2][-]{subsection.1.4.3}{\376\377\000Q\000u\000e\000r\000y\000,\000\040\000K\000e\000y\000,\000\040\000a\000n\000d\000\040\000V\000a\000l\000u\000e\000\040\000V\000e\000c\000t\000o\000r\000s\000:}{section.1.4}% 17
\BOOKMARK [2][-]{subsection.1.4.4}{\376\377\000S\000e\000l\000f\000-\000A\000t\000t\000e\000n\000t\000i\000o\000n\000\040\000C\000a\000l\000c\000u\000l\000a\000t\000i\000o\000n\000:}{section.1.4}% 18
\BOOKMARK [2][-]{subsection.1.4.5}{\376\377\000R\000o\000l\000e\000\040\000o\000f\000\040\000M\000u\000l\000t\000i\000-\000H\000e\000a\000d\000\040\000A\000t\000t\000e\000n\000t\000i\000o\000n}{section.1.4}% 19
\BOOKMARK [2][-]{subsection.1.4.6}{\376\377\000P\000o\000s\000i\000t\000i\000o\000n\000a\000l\000\040\000E\000n\000c\000o\000d\000i\000n\000g\000:}{section.1.4}% 20
\BOOKMARK [2][-]{subsection.1.4.7}{\376\377\000T\000r\000a\000n\000s\000f\000o\000r\000m\000e\000r\000s\000\040\000i\000n\000\040\000N\000L\000P}{section.1.4}% 21
\BOOKMARK [1][-]{section.1.5}{\376\377\000\040\000E\000m\000e\000r\000g\000e\000n\000c\000e\000\040\000o\000f\000\040\000L\000a\000r\000g\000e\000\040\000L\000a\000n\000g\000u\000a\000g\000e\000\040\000M\000o\000d\000e\000l\000s\000\040\000\050\000L\000L\000M\000s\000\051}{chapter.1}% 22
\BOOKMARK [2][-]{subsection.1.5.1}{\376\377\000S\000c\000a\000l\000i\000n\000g\000\040\000i\000n\000\040\000L\000a\000r\000g\000e\000\040\000L\000a\000n\000g\000u\000a\000g\000e\000\040\000M\000o\000d\000e\000l\000s\000\040\000\050\000L\000L\000M\000s\000\051}{section.1.5}% 23
\BOOKMARK [2][-]{subsection.1.5.2}{\376\377\000P\000r\000e\000-\000t\000r\000a\000i\000n\000i\000n\000g}{section.1.5}% 24
\BOOKMARK [2][-]{subsection.1.5.3}{\376\377\000F\000i\000n\000e\000-\000t\000u\000n\000i\000n\000g\000\040}{section.1.5}% 25
\BOOKMARK [2][-]{subsection.1.5.4}{\376\377\000F\000e\000w\000-\000S\000h\000o\000t\000,\000\040\000O\000n\000e\000-\000S\000h\000o\000t\000,\000\040\000a\000n\000d\000\040\000Z\000e\000r\000o\000-\000S\000h\000o\000t\000\040\000L\000e\000a\000r\000n\000i\000n\000g}{section.1.5}% 26
\BOOKMARK [2][-]{subsection.1.5.5}{\376\377\000E\000v\000a\000l\000u\000a\000t\000i\000o\000n\000\040\000D\000a\000t\000a\000s\000e\000t\000s\000\040\000a\000n\000d\000\040\000T\000a\000s\000k\000s}{section.1.5}% 27
\BOOKMARK [1][-]{section.1.6}{\376\377\000P\000o\000p\000u\000l\000a\000r\000\040\000M\000o\000d\000e\000l\000s\000\040\000a\000n\000d\000\040\000D\000a\000t\000a\000s\000e\000t\000s}{chapter.1}% 28
\BOOKMARK [2][-]{subsection.1.6.1}{\376\377\000G\000P\000T\000-\000N\000\040\000M\000o\000d\000e\000l\000s}{section.1.6}% 29
\BOOKMARK [2][-]{subsection.1.6.2}{\376\377\000B\000E\000R\000T}{section.1.6}% 30
\BOOKMARK [2][-]{subsection.1.6.3}{\376\377\000T\0005}{section.1.6}% 31
\BOOKMARK [2][-]{subsection.1.6.4}{\376\377\000L\000L\000A\000M\000A\0002}{section.1.6}% 32
\BOOKMARK [2][-]{subsection.1.6.5}{\376\377\000W\000e\000b\000T\000e\000x\000t\000\040}{section.1.6}% 33
\BOOKMARK [2][-]{subsection.1.6.6}{\376\377\000R\000u\000l\000e\000T\000a\000k\000e\000r}{section.1.6}% 34
\BOOKMARK [1][-]{section.1.7}{\376\377\000C\000h\000a\000l\000l\000e\000n\000g\000e\000s\000\040\000a\000n\000d\000\040\000L\000i\000m\000i\000t\000a\000t\000i\000o\000n\000s}{chapter.1}% 35
\BOOKMARK [2][-]{subsection.1.7.1}{\376\377\000\040\000C\000o\000m\000p\000u\000t\000a\000t\000i\000o\000n\000a\000l\000\040\000C\000o\000s\000t}{section.1.7}% 36
\BOOKMARK [2][-]{subsection.1.7.2}{\376\377\000O\000v\000e\000r\000f\000i\000t\000t\000i\000n\000g}{section.1.7}% 37
\BOOKMARK [2][-]{subsection.1.7.3}{\376\377\000\040\000I\000n\000t\000e\000r\000p\000r\000e\000t\000a\000b\000i\000l\000i\000t\000y\000\040\000a\000n\000d\000\040\000E\000x\000p\000l\000a\000i\000n\000a\000b\000i\000l\000i\000t\000y}{section.1.7}% 38
\BOOKMARK [2][-]{subsection.1.7.4}{\376\377\000\040\000H\000a\000l\000l\000u\000c\000i\000n\000a\000t\000i\000o\000n\000s}{section.1.7}% 39
\BOOKMARK [2][-]{subsection.1.7.5}{\376\377\000P\000r\000i\000v\000a\000c\000y\000\040\000C\000o\000n\000c\000e\000r\000n\000s}{section.1.7}% 40
\BOOKMARK [2][-]{subsection.1.7.6}{\376\377\000R\000e\000a\000l\000-\000T\000i\000m\000e\000\040\000P\000r\000o\000c\000e\000s\000s\000i\000n\000g}{section.1.7}% 41
\BOOKMARK [1][-]{section.1.8}{\376\377\000D\000o\000m\000a\000i\000n\000s\000\040\000o\000f\000\040\000A\000p\000p\000l\000i\000c\000a\000t\000i\000o\000n}{chapter.1}% 42
\BOOKMARK [2][-]{subsection.1.8.1}{\376\377\000L\000a\000w}{section.1.8}% 43
\BOOKMARK [2][-]{subsection.1.8.2}{\376\377\000C\000y\000b\000e\000r\000s\000e\000c\000u\000r\000i\000t\000y}{section.1.8}% 44
\BOOKMARK [2][-]{subsection.1.8.3}{\376\377\000M\000e\000d\000i\000c\000i\000n\000e}{section.1.8}% 45
\BOOKMARK [2][-]{subsection.1.8.4}{\376\377\000j\000o\000u\000r\000n\000a\000l\000i\000s\000m}{section.1.8}% 46
\BOOKMARK [1][-]{section.1.9}{\376\377\000C\000o\000n\000c\000l\000u\000s\000i\000o\000n}{chapter.1}% 47
\BOOKMARK [0][-]{chapter.2}{\376\377\000R\000A\000G\000\040\000\050\000R\000e\000t\000r\000i\000e\000v\000a\000l\000-\000A\000u\000g\000m\000e\000n\000t\000e\000d\000\040\000G\000e\000n\000e\000r\000a\000t\000i\000o\000n\000\051}{}% 48
\BOOKMARK [1][-]{section.2.1}{\376\377\000\040\000I\000n\000t\000r\000o\000d\000u\000c\000t\000i\000o\000n}{chapter.2}% 49
\BOOKMARK [1][-]{section.2.2}{\376\377\000F\000u\000n\000d\000a\000m\000e\000n\000t\000a\000l\000s\000\040\000o\000f\000\040\000R\000e\000t\000r\000i\000e\000v\000a\000l\000-\000A\000u\000g\000m\000e\000n\000t\000e\000d\000\040\000G\000e\000n\000e\000r\000a\000t\000i\000o\000n}{chapter.2}% 50
\BOOKMARK [2][-]{subsection.2.2.1}{\376\377\000D\000e\000f\000i\000n\000i\000t\000i\000o\000n\000\040\000o\000f\000\040\000R\000A\000G}{section.2.2}% 51
\BOOKMARK [2][-]{subsection.2.2.2}{\376\377\000H\000i\000s\000t\000o\000r\000i\000c\000a\000l\000\040\000D\000e\000v\000e\000l\000o\000p\000m\000e\000n\000t\000\040\000o\000f\000\040\000R\000A\000G}{section.2.2}% 52
\BOOKMARK [2][-]{subsection.2.2.3}{\376\377\000\040\000D\000i\000f\000f\000e\000r\000e\000n\000c\000e\000s\000\040\000B\000e\000t\000w\000e\000e\000n\000\040\000R\000A\000G\000\040\000a\000n\000d\000\040\000F\000i\000n\000e\000-\000T\000u\000n\000i\000n\000g}{section.2.2}% 53
\BOOKMARK [1][-]{section.2.3}{\376\377\000T\000y\000p\000e\000s\000\040\000o\000f\000\040\000R\000A\000G\000\040\000S\000y\000s\000t\000e\000m\000s}{chapter.2}% 54
\BOOKMARK [2][-]{subsection.2.3.1}{\376\377\000N\000a\000i\000v\000e\000\040\000R\000A\000G}{section.2.3}% 55
\BOOKMARK [2][-]{subsection.2.3.2}{\376\377\000A\000d\000v\000a\000n\000c\000e\000d\000\040\000R\000A\000G}{section.2.3}% 56
\BOOKMARK [3][-]{subsubsection.2.3.2.1}{\376\377\000P\000r\000e\000-\000r\000e\000t\000r\000i\000e\000v\000a\000l\000\040\000S\000t\000r\000a\000t\000e\000g\000i\000e\000s\000:}{subsection.2.3.2}% 57
\BOOKMARK [3][-]{subsubsection.2.3.2.2}{\376\377\000P\000o\000s\000t\000-\000R\000e\000t\000r\000i\000e\000v\000a\000l\000\040\000S\000t\000r\000a\000t\000e\000g\000i\000e\000s\000:}{subsection.2.3.2}% 58
\BOOKMARK [2][-]{subsection.2.3.3}{\376\377\000M\000o\000d\000u\000l\000a\000r\000\040\000R\000A\000G}{section.2.3}% 59
\BOOKMARK [3][-]{subsubsection.2.3.3.1}{\376\377\000N\000e\000w\000\040\000M\000o\000d\000u\000l\000e\000s}{subsection.2.3.3}% 60
\BOOKMARK [3][-]{subsubsection.2.3.3.2}{\376\377\000N\000e\000w\000\040\000P\000a\000t\000t\000e\000r\000n\000s}{subsection.2.3.3}% 61
\BOOKMARK [1][-]{section.2.4}{\376\377\000C\000o\000r\000e\000\040\000C\000o\000m\000p\000o\000n\000e\000n\000t\000s\000\040\000o\000f\000\040\000R\000A\000G}{chapter.2}% 62
\BOOKMARK [2][-]{subsection.2.4.1}{\376\377\000\040\000R\000e\000t\000r\000i\000e\000v\000a\000l\000\040\000M\000e\000c\000h\000a\000n\000i\000s\000m}{section.2.4}% 63
\BOOKMARK [2][-]{subsection.2.4.2}{\376\377\000G\000e\000n\000e\000r\000a\000t\000i\000o\000n\000\040\000P\000r\000o\000c\000e\000s\000s}{section.2.4}% 64
\BOOKMARK [2][-]{subsection.2.4.3}{\376\377\000\040\000A\000u\000g\000m\000e\000n\000t\000a\000t\000i\000o\000n\000\040\000T\000e\000c\000h\000n\000i\000q\000u\000e\000s}{section.2.4}% 65
\BOOKMARK [1][-]{section.2.5}{\376\377\000T\000r\000a\000i\000n\000i\000n\000g\000\040\000a\000n\000d\000\040\000F\000i\000n\000e\000-\000T\000u\000n\000i\000n\000g\000\040\000R\000A\000G\000\040\000M\000o\000d\000e\000l\000s}{chapter.2}% 66
\BOOKMARK [2][-]{subsection.2.5.1}{\376\377\000T\000r\000a\000i\000n\000i\000n\000g\000\040\000t\000h\000e\000\040\000R\000e\000t\000r\000i\000e\000v\000e\000r}{section.2.5}% 67
\BOOKMARK [1][-]{section.2.6}{\376\377\000T\000a\000s\000k\000\040\000a\000n\000d\000\040\000E\000v\000a\000l\000u\000a\000t\000i\000o\000n}{chapter.2}% 68
\BOOKMARK [2][-]{subsection.2.6.1}{\376\377\000F\000a\000c\000t\000u\000a\000l\000i\000t\000y}{section.2.6}% 69
\BOOKMARK [2][-]{subsection.2.6.2}{\376\377\000\040\000R\000o\000b\000u\000s\000t\000n\000e\000s\000s}{section.2.6}% 70
\BOOKMARK [2][-]{subsection.2.6.3}{\376\377\000F\000a\000i\000r\000n\000e\000s\000s}{section.2.6}% 71
\BOOKMARK [2][-]{subsection.2.6.4}{\376\377\000O\000b\000j\000e\000c\000t\000i\000v\000e\000\040\000M\000e\000t\000r\000i\000c\000s\000:}{section.2.6}% 72
\BOOKMARK [2][-]{subsection.2.6.5}{\376\377\000S\000u\000b\000j\000e\000c\000t\000i\000v\000e\000\040\000M\000e\000t\000r\000i\000c\000s}{section.2.6}% 73
\BOOKMARK [1][-]{section.2.7}{\376\377\000L\000i\000m\000i\000t\000a\000t\000i\000o\000n\000s}{chapter.2}% 74
\BOOKMARK [2][-]{subsection.2.7.1}{\376\377\000N\000o\000i\000s\000y\000\040\000R\000e\000t\000r\000i\000e\000v\000a\000l\000\040\000R\000e\000s\000u\000l\000t\000s}{section.2.7}% 75
\BOOKMARK [2][-]{subsection.2.7.2}{\376\377\000E\000x\000t\000r\000a\000\040\000O\000v\000e\000r\000h\000e\000a\000d}{section.2.7}% 76
\BOOKMARK [2][-]{subsection.2.7.3}{\376\377\000I\000n\000t\000e\000r\000a\000c\000t\000i\000o\000n\000\040\000o\000f\000\040\000R\000e\000t\000r\000i\000e\000v\000a\000l\000\040\000a\000n\000d\000\040\000G\000e\000n\000e\000r\000a\000t\000i\000o\000n}{section.2.7}% 77
\BOOKMARK [2][-]{subsection.2.7.4}{\376\377\000L\000o\000n\000g\000\040\000C\000o\000n\000t\000e\000x\000t\000\040\000G\000e\000n\000e\000r\000a\000t\000i\000o\000n\000:}{section.2.7}% 78
\BOOKMARK [1][-]{section.2.8}{\376\377\000C\000o\000n\000c\000l\000u\000s\000i\000o\000n}{chapter.2}% 79
\BOOKMARK [0][-]{chapter.3}{\376\377\000k\000\040\000S\000e\000l\000e\000c\000t\000i\000o\000n\000\040\000i\000n\000\040\000R\000e\000t\000r\000i\000e\000v\000a\000l}{}% 80
\BOOKMARK [1][-]{section.3.1}{\376\377\000I\000n\000t\000r\000o\000d\000u\000c\000t\000i\000o\000n}{chapter.3}% 81
\BOOKMARK [1][-]{section.3.2}{\376\377\000D\000e\000f\000i\000n\000i\000n\000g\000\040\000k\000:\000\040\000T\000h\000e\000\040\000N\000u\000m\000b\000e\000r\000\040\000o\000f\000\040\000R\000e\000t\000r\000i\000e\000v\000e\000d\000\040\000D\000o\000c\000u\000m\000e\000n\000t\000s}{chapter.3}% 82
\BOOKMARK [1][-]{section.3.3}{\376\377\000I\000m\000p\000a\000c\000t\000\040\000o\000f\000\040\000k\000\040\000o\000n\000\040\000R\000e\000t\000r\000i\000e\000v\000a\000l\000\040\000P\000e\000r\000f\000o\000r\000m\000a\000n\000c\000e}{chapter.3}% 83
\BOOKMARK [2][-]{subsection.3.3.1}{\376\377\000R\000e\000c\000a\000l\000l\000\040\000v\000s\000.\000\040\000P\000r\000e\000c\000i\000s\000i\000o\000n}{section.3.3}% 84
\BOOKMARK [2][-]{subsection.3.3.2}{\376\377\000R\000e\000t\000r\000i\000e\000v\000a\000l\000\040\000S\000p\000e\000e\000d\000\040\000a\000n\000d\000\040\000C\000o\000m\000p\000u\000t\000a\000t\000i\000o\000n\000a\000l\000\040\000C\000o\000s\000t}{section.3.3}% 85
\BOOKMARK [2][-]{subsection.3.3.3}{\376\377\000D\000o\000c\000u\000m\000e\000n\000t\000\040\000R\000a\000n\000k\000i\000n\000g\000\040\000Q\000u\000a\000l\000i\000t\000y}{section.3.3}% 86
\BOOKMARK [1][-]{section.3.4}{\376\377\000I\000m\000p\000a\000c\000t\000\040\000o\000f\000\040\000k\000\040\000o\000n\000\040\000G\000e\000n\000e\000r\000a\000t\000i\000o\000n\000\040\000Q\000u\000a\000l\000i\000t\000y}{chapter.3}% 87
\BOOKMARK [2][-]{subsection.3.4.1}{\376\377\000T\000r\000a\000d\000e\000-\000o\000f\000f\000\040\000B\000e\000t\000w\000e\000e\000n\000\040\000D\000i\000v\000e\000r\000s\000i\000t\000y\000\040\000a\000n\000d\000\040\000R\000e\000l\000e\000v\000a\000n\000c\000e}{section.3.4}% 88
\BOOKMARK [2][-]{subsection.3.4.2}{\376\377\000E\000f\000f\000e\000c\000t\000\040\000o\000n\000\040\000T\000e\000x\000t\000\040\000G\000e\000n\000e\000r\000a\000t\000i\000o\000n\000\040\000M\000o\000d\000e\000l\000s}{section.3.4}% 89
\BOOKMARK [1][-]{section.3.5}{\376\377\000E\000x\000i\000s\000t\000i\000n\000g\000\040\000S\000o\000l\000u\000t\000i\000o\000n\000s\000\040\000f\000o\000r\000\040\000k\000\040\000S\000e\000l\000e\000c\000t\000i\000o\000n}{chapter.3}% 90
\BOOKMARK [2][-]{subsection.3.5.1}{\376\377\000S\000t\000a\000t\000i\000c\000\040\000k\000\040\000S\000e\000l\000e\000c\000t\000i\000o\000n}{section.3.5}% 91
\BOOKMARK [2][-]{subsection.3.5.2}{\376\377\000D\000y\000n\000a\000m\000i\000c\000\040\000k\000\040\000S\000e\000l\000e\000c\000t\000i\000o\000n}{section.3.5}% 92
\BOOKMARK [2][-]{subsection.3.5.3}{\376\377\000H\000y\000b\000r\000i\000d\000\040\000k\000\040\000S\000e\000l\000e\000c\000t\000i\000o\000n}{section.3.5}% 93
\BOOKMARK [1][-]{section.3.6}{\376\377\000\040\000P\000r\000o\000p\000o\000s\000e\000d\000\040\000S\000o\000l\000u\000t\000i\000o\000n}{chapter.3}% 94
\BOOKMARK [2][-]{subsection.3.6.1}{\376\377\000M\000i\000x\000t\000u\000r\000e\000\040\000o\000f\000\040\000L\000o\000g\000i\000t\000s\000\040\000\050\000M\000o\000L\000\051}{section.3.6}% 95
\BOOKMARK [2][-]{subsection.3.6.2}{\376\377\000A\000l\000g\000o\000r\000i\000t\000h\000m\000\040\000D\000e\000s\000i\000g\000n}{section.3.6}% 96
\BOOKMARK [2][-]{subsection.3.6.3}{\376\377\000P\000s\000e\000u\000d\000o\000c\000o\000d\000e}{section.3.6}% 97
\BOOKMARK [1][-]{section.3.7}{\376\377\000\040\000C\000o\000n\000c\000l\000u\000s\000i\000o\000n\000\040}{chapter.3}% 98
\BOOKMARK [0][-]{chapter.4}{\376\377\000E\000x\000p\000e\000r\000i\000m\000e\000n\000t\000a\000l\000\040\000R\000e\000s\000u\000l\000t\000s}{}% 99
\BOOKMARK [1][-]{section.4.1}{\376\377\000I\000n\000t\000r\000o\000d\000u\000c\000t\000i\000o\000n}{chapter.4}% 100
\BOOKMARK [1][-]{section.4.2}{\376\377\000R\000e\000c\000o\000m\000m\000e\000n\000d\000a\000t\000i\000o\000n\000\040\000S\000y\000s\000t\000e\000m\000\040\000O\000v\000e\000r\000v\000i\000e\000w}{chapter.4}% 101
\BOOKMARK [2][-]{subsection.4.2.1}{\376\377\000S\000A\000S\000R\000e\000c\000:\000\040\000S\000e\000l\000f\000-\000A\000t\000t\000e\000n\000t\000i\000v\000e\000\040\000S\000e\000q\000u\000e\000n\000t\000i\000a\000l\000\040\000R\000e\000c\000o\000m\000m\000e\000n\000d\000a\000t\000i\000o\000n}{section.4.2}% 102
\BOOKMARK [2][-]{subsection.4.2.2}{\376\377\000S\000A\000S\000R\000e\000c\000\040\000M\000o\000d\000e\000l\000\040\000A\000r\000c\000h\000i\000t\000e\000c\000t\000u\000r\000e}{section.4.2}% 103
\BOOKMARK [1][-]{section.4.3}{\376\377\000\040\000D\000a\000t\000a\000s\000e\000t\000s}{chapter.4}% 104
\BOOKMARK [2][-]{subsection.4.3.1}{\376\377\000M\000o\000v\000i\000e\000L\000e\000n\000s\000-\0001\0000\0000\000K}{section.4.3}% 105
\BOOKMARK [2][-]{subsection.4.3.2}{\376\377\000M\000o\000v\000i\000e\000L\000e\000n\000s\000-\0001\000M}{section.4.3}% 106
\BOOKMARK [1][-]{section.4.4}{\376\377\000E\000x\000p\000e\000r\000i\000m\000e\000n\000t\000a\000l\000\040\000S\000e\000t\000u\000p}{chapter.4}% 107
\BOOKMARK [2][-]{subsection.4.4.1}{\376\377\000H\000y\000p\000e\000r\000p\000a\000r\000a\000m\000e\000t\000e\000r\000\040\000S\000e\000t\000t\000i\000n\000g\000s}{section.4.4}% 108
\BOOKMARK [2][-]{subsection.4.4.2}{\376\377\000\040\000I\000m\000p\000a\000c\000t\000\040\000o\000f\000\040\000H\000y\000p\000e\000r\000p\000a\000r\000a\000m\000e\000t\000e\000r\000s}{section.4.4}% 109
\BOOKMARK [1][-]{section.4.5}{\376\377\000E\000v\000a\000l\000u\000a\000t\000i\000o\000n\000\040\000M\000e\000t\000r\000i\000c\000s}{chapter.4}% 110
\BOOKMARK [1][-]{section.4.6}{\376\377\000R\000e\000s\000u\000l\000t\000s\000\040\000a\000n\000d\000\040\000A\000n\000a\000l\000y\000s\000i\000s}{chapter.4}% 111
\BOOKMARK [2][-]{subsection.4.6.1}{\376\377\000D\000i\000s\000c\000u\000s\000s\000i\000o\000n}{section.4.6}% 112
\BOOKMARK [1][-]{section.4.7}{\376\377\000C\000o\000n\000c\000l\000u\000s\000i\000o\000n}{chapter.4}% 113
\BOOKMARK [0][-]{chapter*.26}{\376\377\000B\000i\000b\000l\000i\000o\000g\000r\000a\000p\000h\000y}{}% 114
\BOOKMARK [0][-]{appendix.A}{\376\377\000T\000i\000t\000l\000e\000\040\000o\000f\000\040\000A\000p\000p\000e\000n\000d\000i\000x\000\040\000A}{}% 115
\BOOKMARK [0][-]{appendix.B}{\376\377\000T\000i\000t\000l\000e\000\040\000o\000f\000\040\000A\000p\000p\000e\000n\000d\000i\000x\000\040\000B}{}% 116
